<?xml version="1.0" encoding="UTF-8"?>
<!-- Generated by org.testng.reporters.JUnitXMLReporter -->
<testsuite hostname="Surajs-MacBook-Pro.local" ignored="0" name="Test" tests="3" failures="2" timestamp="2020-04-11T19:13:33 NPT" time="0.034" errors="0">
  <testcase name="test1" time="0.006" classname="demo.TestNGRetryFailedDemo"/>
  <testcase name="test2" time="0.001" classname="demo.TestNGRetryFailedDemo">
    <failure type="java.lang.ArithmeticException" message="/ by zero">
      <![CDATA[java.lang.ArithmeticException: / by zero
at demo.TestNGRetryFailedDemo.test2(TestNGRetryFailedDemo.java:20)
at java.util.ArrayList.forEach(ArrayList.java:1257)
... Removed 27 stack frames]]>
    </failure>
  </testcase> <!-- test2 -->
  <testcase name="test3" time="0.002" classname="demo.TestNGRetryFailedDemo">
    <failure type="java.lang.AssertionError">
      <![CDATA[java.lang.AssertionError: 
at demo.TestNGRetryFailedDemo.test3(TestNGRetryFailedDemo.java:26)
at java.util.ArrayList.forEach(ArrayList.java:1257)
... Removed 30 stack frames]]>
    </failure>
  </testcase> <!-- test3 -->
</testsuite> <!-- Test -->
