<?xml version="1.0" encoding="UTF-8"?>
<testng-results skipped="0" failed="0" ignored="0" total="2" passed="2">
  <reporter-output>
  </reporter-output>
  <suite name="Default suite" duration-ms="18078" started-at="2020-04-16T20:50:40 NPT" finished-at="2020-04-16T20:50:58 NPT">
    <groups>
    </groups>
    <test name="Default test" duration-ms="18078" started-at="2020-04-16T20:50:40 NPT" finished-at="2020-04-16T20:50:58 NPT">
      <class name="test.OrangeHrmLoginPageTest_TestNG_Demo">
        <test-method status="PASS" signature="setUpTest()[pri:0, instance:test.OrangeHrmLoginPageTest_TestNG_Demo@536aaa8d]" name="setUpTest" is-config="true" duration-ms="83" started-at="2020-04-16T20:50:40 NPT" finished-at="2020-04-16T20:50:40 NPT">
          <reporter-output>
          </reporter-output>
        </test-method> <!-- setUpTest -->
        <test-method status="PASS" signature="BeforeTest()[pri:0, instance:test.OrangeHrmLoginPageTest_TestNG_Demo@536aaa8d]" name="BeforeTest" is-config="true" duration-ms="14554" started-at="2020-04-16T20:50:40 NPT" finished-at="2020-04-16T20:50:54 NPT">
          <reporter-output>
          </reporter-output>
        </test-method> <!-- BeforeTest -->
        <test-method status="PASS" signature="orangeHRMInvalidLoginTest()[pri:0, instance:test.OrangeHrmLoginPageTest_TestNG_Demo@536aaa8d]" name="orangeHRMInvalidLoginTest" duration-ms="1311" started-at="2020-04-16T20:50:54 NPT" finished-at="2020-04-16T20:50:55 NPT">
          <reporter-output>
          </reporter-output>
        </test-method> <!-- orangeHRMInvalidLoginTest -->
        <test-method status="PASS" signature="orangeHRMLoginTest()[pri:0, instance:test.OrangeHrmLoginPageTest_TestNG_Demo@536aaa8d]" name="orangeHRMLoginTest" duration-ms="2172" started-at="2020-04-16T20:50:55 NPT" finished-at="2020-04-16T20:50:58 NPT">
          <reporter-output>
          </reporter-output>
        </test-method> <!-- orangeHRMLoginTest -->
        <test-method status="FAIL" signature="AfterTest()[pri:0, instance:test.OrangeHrmLoginPageTest_TestNG_Demo@536aaa8d]" name="AfterTest" is-config="true" duration-ms="17" started-at="2020-04-16T20:50:58 NPT" finished-at="2020-04-16T20:50:58 NPT">
          <exception class="org.openqa.selenium.NoSuchWindowException">
            <message>
              <![CDATA[no such window: target window already closed
from unknown error: web view not found
  (Session info: chrome=81.0.4044.113)
Build info: version: '3.141.59', revision: 'e82be7d358', time: '2018-11-14T08:17:03'
System info: host: 'Surajs-MacBook-Pro.local', ip: 'fe80:0:0:0:e3:4b55:b31:ee15%en0', os.name: 'Mac OS X', os.arch: 'x86_64', os.version: '10.15.4', java.version: '1.8.0_241'
Driver info: org.openqa.selenium.chrome.ChromeDriver
Capabilities {acceptInsecureCerts: false, browserName: chrome, browserVersion: 81.0.4044.113, chrome: {chromedriverVersion: 81.0.4044.69 (6813546031a4b..., userDataDir: /var/folders/2d/f2ccwdws48g...}, goog:chromeOptions: {debuggerAddress: localhost:61504}, javascriptEnabled: true, networkConnectionEnabled: false, pageLoadStrategy: normal, platform: MAC, platformName: MAC, proxy: Proxy(), setWindowRect: true, strictFileInteractability: false, timeouts: {implicit: 0, pageLoad: 300000, script: 30000}, unhandledPromptBehavior: dismiss and notify, webauthn:virtualAuthenticators: true}
Session ID: c925e19ffc4bb17d9c3f34454f88c1af]]>
            </message>
            <full-stacktrace>
              <![CDATA[org.openqa.selenium.NoSuchWindowException: no such window: target window already closed
from unknown error: web view not found
  (Session info: chrome=81.0.4044.113)
Build info: version: '3.141.59', revision: 'e82be7d358', time: '2018-11-14T08:17:03'
System info: host: 'Surajs-MacBook-Pro.local', ip: 'fe80:0:0:0:e3:4b55:b31:ee15%en0', os.name: 'Mac OS X', os.arch: 'x86_64', os.version: '10.15.4', java.version: '1.8.0_241'
Driver info: org.openqa.selenium.chrome.ChromeDriver
Capabilities {acceptInsecureCerts: false, browserName: chrome, browserVersion: 81.0.4044.113, chrome: {chromedriverVersion: 81.0.4044.69 (6813546031a4b..., userDataDir: /var/folders/2d/f2ccwdws48g...}, goog:chromeOptions: {debuggerAddress: localhost:61504}, javascriptEnabled: true, networkConnectionEnabled: false, pageLoadStrategy: normal, platform: MAC, platformName: MAC, proxy: Proxy(), setWindowRect: true, strictFileInteractability: false, timeouts: {implicit: 0, pageLoad: 300000, script: 30000}, unhandledPromptBehavior: dismiss and notify, webauthn:virtualAuthenticators: true}
Session ID: c925e19ffc4bb17d9c3f34454f88c1af
at sun.reflect.NativeConstructorAccessorImpl.newInstance0(Native Method)
at sun.reflect.NativeConstructorAccessorImpl.newInstance(NativeConstructorAccessorImpl.java:62)
at sun.reflect.DelegatingConstructorAccessorImpl.newInstance(DelegatingConstructorAccessorImpl.java:45)
at java.lang.reflect.Constructor.newInstance(Constructor.java:423)
at org.openqa.selenium.remote.http.W3CHttpResponseCodec.createException(W3CHttpResponseCodec.java:187)
at org.openqa.selenium.remote.http.W3CHttpResponseCodec.decode(W3CHttpResponseCodec.java:122)
at org.openqa.selenium.remote.http.W3CHttpResponseCodec.decode(W3CHttpResponseCodec.java:49)
at org.openqa.selenium.remote.HttpCommandExecutor.execute(HttpCommandExecutor.java:158)
at org.openqa.selenium.remote.service.DriverCommandExecutor.execute(DriverCommandExecutor.java:83)
at org.openqa.selenium.remote.RemoteWebDriver.execute(RemoteWebDriver.java:552)
at org.openqa.selenium.remote.RemoteWebDriver.execute(RemoteWebDriver.java:609)
at org.openqa.selenium.remote.RemoteWebDriver.close(RemoteWebDriver.java:442)
at test.OrangeHrmLoginPageTest_TestNG_Demo.AfterTest(OrangeHrmLoginPageTest_TestNG_Demo.java:137)
at sun.reflect.NativeMethodAccessorImpl.invoke0(Native Method)
at sun.reflect.NativeMethodAccessorImpl.invoke(NativeMethodAccessorImpl.java:62)
at sun.reflect.DelegatingMethodAccessorImpl.invoke(DelegatingMethodAccessorImpl.java:43)
at java.lang.reflect.Method.invoke(Method.java:498)
at org.testng.internal.MethodInvocationHelper.invokeMethod(MethodInvocationHelper.java:134)
at org.testng.internal.MethodInvocationHelper.invokeMethodConsideringTimeout(MethodInvocationHelper.java:63)
at org.testng.internal.ConfigInvoker.invokeConfigurationMethod(ConfigInvoker.java:348)
at org.testng.internal.ConfigInvoker.invokeConfigurations(ConfigInvoker.java:302)
at org.testng.TestRunner.invokeTestConfigurations(TestRunner.java:619)
at org.testng.TestRunner.afterRun(TestRunner.java:849)
at org.testng.TestRunner.run(TestRunner.java:590)
at org.testng.SuiteRunner.runTest(SuiteRunner.java:384)
at org.testng.SuiteRunner.runSequentially(SuiteRunner.java:378)
at org.testng.SuiteRunner.privateRun(SuiteRunner.java:337)
at org.testng.SuiteRunner.run(SuiteRunner.java:286)
at org.testng.SuiteRunnerWorker.runSuite(SuiteRunnerWorker.java:53)
at org.testng.SuiteRunnerWorker.run(SuiteRunnerWorker.java:96)
at org.testng.TestNG.runSuitesSequentially(TestNG.java:1187)
at org.testng.TestNG.runSuitesLocally(TestNG.java:1109)
at org.testng.TestNG.runSuites(TestNG.java:1039)
at org.testng.TestNG.run(TestNG.java:1007)
at org.testng.remote.AbstractRemoteTestNG.run(AbstractRemoteTestNG.java:115)
at org.testng.remote.RemoteTestNG.initAndRun(RemoteTestNG.java:251)
at org.testng.remote.RemoteTestNG.main(RemoteTestNG.java:77)
]]>
            </full-stacktrace>
          </exception> <!-- org.openqa.selenium.NoSuchWindowException -->
          <reporter-output>
          </reporter-output>
        </test-method> <!-- AfterTest -->
        <test-method status="SKIP" signature="tearDownTest()[pri:0, instance:test.OrangeHrmLoginPageTest_TestNG_Demo@536aaa8d]" name="tearDownTest" is-config="true" duration-ms="-1587049563203" started-at="2020-04-16T20:51:03 NPT" finished-at="1970-01-01T05:30:00 NPT">
          <reporter-output>
          </reporter-output>
        </test-method> <!-- tearDownTest -->
      </class> <!-- test.OrangeHrmLoginPageTest_TestNG_Demo -->
    </test> <!-- Default test -->
  </suite> <!-- Default suite -->
</testng-results>
