<?xml version="1.0" encoding="UTF-8"?>
<!-- Generated by org.testng.reporters.JUnitXMLReporter -->
<testsuite hostname="Surajs-MacBook-Pro.local" ignored="0" name="Default test" tests="3" failures="0" timestamp="2020-04-22T23:05:39 NPT" time="25.007" errors="0">
  <testcase name="LoginPageTitleTest" time="0.011" classname="com.crm.qa.testcases.LoginPageTest"/>
  <testcase name="CRMLogoImageTest" time="0.037" classname="com.crm.qa.testcases.LoginPageTest"/>
  <testcase name="LoginTest" time="6.836" classname="com.crm.qa.testcases.LoginPageTest"/>
</testsuite> <!-- Default test -->
