<?xml version="1.0" encoding="UTF-8"?>
<!-- Generated by org.testng.reporters.JUnitXMLReporter -->
<testsuite hostname="Surajs-MacBook-Pro.local" ignored="1" name="Test(failed)" tests="2" failures="1" timestamp="2020-04-11T19:15:25 NPT" time="0.035" errors="0">
  <testcase name="test2" time="0.006" classname="demo.TestNGRetryFailedDemo"/>
  <testcase name="test3" time="0.001" classname="demo.TestNGRetryFailedDemo">
    <failure type="java.lang.AssertionError">
      <![CDATA[java.lang.AssertionError: 
at demo.TestNGRetryFailedDemo.test3(TestNGRetryFailedDemo.java:26)
at java.util.ArrayList.forEach(ArrayList.java:1257)
... Removed 30 stack frames]]>
    </failure>
  </testcase> <!-- test3 -->
  <testcase name="test1" time="0.0" classname="demo.TestNGRetryFailedDemo">
    <ignored/>
  </testcase> <!-- test1 -->
</testsuite> <!-- Test(failed) -->
